app/build/intermediates/manifest_merge_blame_file/debug/manifest-merger-blame-debug-report.txt
1<?xml version="1.0" encoding="utf-8"?>
2<manifest xmlns:android="http://schemas.android.com/apk/res/android"
3    package="com.example.cookiter"
4    android:versionCode="1"
5    android:versionName="1.0" >
6
7    <uses-sdk
8        android:minSdkVersion="16"
8-->src\main\AndroidManifest.xml
9        android:targetSdkVersion="29" />
9-->src\main\AndroidManifest.xml
10
11    <uses-permission android:name="android.permission.INTERNET" />
11-->src\main\AndroidManifest.xml:5:5-67
11-->src\main\AndroidManifest.xml:5:22-64
12
13    <application
13-->src\main\AndroidManifest.xml:7:5-27:19
14        android:allowBackup="true"
14-->src\main\AndroidManifest.xml:8:9-35
15        android:appComponentFactory="androidx.core.app.CoreComponentFactory"
15-->[androidx.core:core:1.0.1] AndroidManifest.xml:22:18-86
16        android:debuggable="true"
17        android:icon="@drawable/ic_appicon"
17-->src\main\AndroidManifest.xml:9:9-44
18        android:label="@string/app_name"
18-->src\main\AndroidManifest.xml:10:9-41
19        android:roundIcon="@mipmap/ic_launcher_round"
19-->src\main\AndroidManifest.xml:11:9-54
20        android:supportsRtl="true"
20-->src\main\AndroidManifest.xml:12:9-35
21        android:testOnly="true"
22        android:theme="@style/AppTheme" >
22-->src\main\AndroidManifest.xml:13:9-40
23        <activity android:name="com.example.cookiter.activities.StartActivity" >
23-->src\main\AndroidManifest.xml:15:9-21:20
23-->src\main\AndroidManifest.xml:15:19-59
24            <intent-filter>
24-->src\main\AndroidManifest.xml:16:13-20:29
25                <action android:name="android.intent.action.MAIN" />
25-->src\main\AndroidManifest.xml:17:17-69
25-->src\main\AndroidManifest.xml:17:25-66
26
27                <category android:name="android.intent.category.LAUNCHER" />
27-->src\main\AndroidManifest.xml:19:17-77
27-->src\main\AndroidManifest.xml:19:27-74
28            </intent-filter>
29        </activity>
30        <activity android:name="com.example.cookiter.activities.RegisterActivity" />
30-->src\main\AndroidManifest.xml:22:9-65
30-->src\main\AndroidManifest.xml:22:19-62
31        <activity android:name="com.example.cookiter.activities.SignInActivity" />
31-->src\main\AndroidManifest.xml:23:9-63
31-->src\main\AndroidManifest.xml:23:19-60
32        <activity android:name="com.example.cookiter.activities.MainActivity" />
32-->src\main\AndroidManifest.xml:24:9-60
32-->src\main\AndroidManifest.xml:24:19-58
33        <activity android:name="com.example.cookiter.activities.AddRecipeActivity" />
33-->src\main\AndroidManifest.xml:25:9-65
33-->src\main\AndroidManifest.xml:25:19-63
34        <activity android:name="com.example.cookiter.activities.AddProductActivity" />
34-->src\main\AndroidManifest.xml:26:9-66
34-->src\main\AndroidManifest.xml:26:19-64
35    </application>
36
37</manifest>